Info: DeliveryProcess:Hang The DJ Business: 207 mini seconds publishing element
Info: DeliveryProcess:Hang The DJ Business: 1202 mini seconds publishing process specific layout data
Info: Phase:Planejar: 120 mini seconds publishing element
Info: Activity:Identificar: 60 mini seconds publishing element
Info: Task:identificar: 20 mini seconds publishing element
Info: TaskDescriptor:identificar: 10 mini seconds publishing element
Info: Activity:Selecionar: 120 mini seconds publishing element
Info: Task:selecionar: 10 mini seconds publishing element
Info: TaskDescriptor:selecionar: 10 mini seconds publishing element
Info: Role:produtor_chefe: 101 mini seconds publishing element
Info: RoleDescriptor:produtor_chefe: 10 mini seconds publishing element
Info: Artifact:lista_base: 20 mini seconds publishing element
Info: WorkProductDescriptor:lista_base: 10 mini seconds publishing element
Info: Iteration:Ajustar: 220 mini seconds publishing element
Info: Activity:Ajustar: 60 mini seconds publishing element
Info: Task:ajustar: 20 mini seconds publishing element
Info: TaskDescriptor:ajustar: 0 mini seconds publishing element
Info: RoleDescriptor:produtor_chefe: 10 mini seconds publishing element
Info: Role:time_de_produo: 70 mini seconds publishing element
Info: RoleDescriptor:time_de_produo: 10 mini seconds publishing element
Info: WorkProductDescriptor:lista_base: 0 mini seconds publishing element
Info: Artifact:lista_chave: 20 mini seconds publishing element
Info: WorkProductDescriptor:lista_chave: 10 mini seconds publishing element
Info: Phase:Criar: 140 mini seconds publishing element
Info: Activity:Ordenação: 141 mini seconds publishing element
Info: Task:ordenao: 20 mini seconds publishing element
Info: TaskDescriptor:ordenao: 0 mini seconds publishing element
Info: RoleDescriptor:produtor_chefe: 10 mini seconds publishing element
Info: RoleDescriptor:time_de_produo: 10 mini seconds publishing element
Info: WorkProductDescriptor:lista_chave: 0 mini seconds publishing element
Info: Artifact:ordenado: 30 mini seconds publishing element
Info: WorkProductDescriptor:ordenado: 0 mini seconds publishing element
Info: Activity:Coreografia: 220 mini seconds publishing element
Info: Task:coreografia: 20 mini seconds publishing element
Info: TaskDescriptor:coreografia: 10 mini seconds publishing element
Info: RoleDescriptor:produtor_chefe: 0 mini seconds publishing element
Info: RoleDescriptor:time_de_produo: 10 mini seconds publishing element
Info: WorkProductDescriptor:ordenado: 0 mini seconds publishing element
Info: Artifact:demo_01: 20 mini seconds publishing element
Info: WorkProductDescriptor:demo_01: 0 mini seconds publishing element
Info: Activity:Orquestração: 211 mini seconds publishing element
Info: Task:orquestrao: 20 mini seconds publishing element
Info: TaskDescriptor:orquestrao: 10 mini seconds publishing element
Info: RoleDescriptor:produtor_chefe: 0 mini seconds publishing element
Info: RoleDescriptor:time_de_produo: 0 mini seconds publishing element
Info: WorkProductDescriptor:demo_01: 10 mini seconds publishing element
Info: Artifact:demo_02: 20 mini seconds publishing element
Info: WorkProductDescriptor:demo_02: 20 mini seconds publishing element
Info: Iteration:Validação Primária: 250 mini seconds publishing element
Info: Task:validao_primria: 20 mini seconds publishing element
Info: TaskDescriptor:validao_primria: 10 mini seconds publishing element
Info: RoleDescriptor:produtor_chefe: 10 mini seconds publishing element
Info: RoleDescriptor:time_de_produo: 10 mini seconds publishing element
Info: WorkProductDescriptor:demo_02: 0 mini seconds publishing element
Info: Artifact:remixset: 20 mini seconds publishing element
Info: WorkProductDescriptor:remixset: 10 mini seconds publishing element
Info: Phase:Validar: 120 mini seconds publishing element
Info: Activity:Amostragem: 371 mini seconds publishing element
Info: Task:amostragem: 20 mini seconds publishing element
Info: TaskDescriptor:amostragem: 0 mini seconds publishing element
Info: RoleDescriptor:produtor_chefe: 10 mini seconds publishing element
Info: WorkProductDescriptor:remixset: 10 mini seconds publishing element
Info: Artifact:amostras: 20 mini seconds publishing element
Info: WorkProductDescriptor:amostras: 0 mini seconds publishing element
Info: Iteration:Validação Final: 190 mini seconds publishing element
Info: Task:validao_final: 10 mini seconds publishing element
Info: TaskDescriptor:validao_final: 10 mini seconds publishing element
Info: Role:pocs: 30 mini seconds publishing element
Info: RoleDescriptor:pocs: 0 mini seconds publishing element
Info: RoleDescriptor:produtor_chefe: 10 mini seconds publishing element
Info: WorkProductDescriptor:amostras: 0 mini seconds publishing element
Info: Discipline:getting_ready: 11 mini seconds publishing element
Info: RoleSet:papis: 20 mini seconds publishing element
Info: Discipline:getting_on: 20 mini seconds publishing element
Info: Discipline:getting_in: 10 mini seconds publishing element
Info: CustomCategory:elementos_do_projeto: 10 mini seconds publishing element
Info: DisciplineGrouping:gnese: 10 mini seconds publishing element
Info: : Publishing time: 0 minutes 6 seconds
