Warning: Role:produtor_chefe: missing resource file './../../hang_the_dj/deliveryprocesses/Valida&ccedil;&atilde;o Prim&aacute;ria_CB340B4D.html'
Warning: Role:produtor_chefe: missing resource file './../../hang_the_dj/deliveryprocesses/Orquestra&ccedil;&atilde;o_D36AF1.html'
Warning: Role:produtor_chefe: missing resource file './../../hang_the_dj/deliveryprocesses/Ordena&ccedil;&atilde;o_2F7E3389.html'
Warning: Role:produtor_chefe: missing resource file './../../hang_the_dj/deliveryprocesses/Valida&ccedil;&atilde;o Final_9E58DB8B.html'
Warning: Role:time_de_produo: missing resource file './../../hang_the_dj/deliveryprocesses/Valida&ccedil;&atilde;o Prim&aacute;ria_CB340B4D.html'
Warning: Role:time_de_produo: missing resource file './../../hang_the_dj/deliveryprocesses/Orquestra&ccedil;&atilde;o_D36AF1.html'
Warning: Role:time_de_produo: missing resource file './../../hang_the_dj/deliveryprocesses/Ordena&ccedil;&atilde;o_2F7E3389.html'
Warning: Artifact:lista_chave: missing resource file './../../hang_the_dj/deliveryprocesses/Ordena&ccedil;&atilde;o_2F7E3389.html'
Warning: Phase:Criar: missing resource file './../../hang_the_dj/deliveryprocesses/Ordena&ccedil;&atilde;o_2F7E3389.html'
Warning: Phase:Criar: missing resource file './../../hang_the_dj/deliveryprocesses/Orquestra&ccedil;&atilde;o_D36AF1.html'
Warning: Phase:Criar: missing resource file './../../hang_the_dj/deliveryprocesses/Valida&ccedil;&atilde;o Prim&aacute;ria_CB340B4D.html'
Warning: Phase:Criar: missing resource file './../../hang_the_dj/deliveryprocesses/Ordena&ccedil;&atilde;o_2F7E3389.html'
Warning: Phase:Criar: missing resource file './../../hang_the_dj/deliveryprocesses/Orquestra&ccedil;&atilde;o_D36AF1.html'
Warning: Phase:Criar: missing resource file './../../hang_the_dj/deliveryprocesses/Valida&ccedil;&atilde;o Prim&aacute;ria_CB340B4D.html'
Warning: Activity:Ordenação: missing resource file './../../hang_the_dj/deliveryprocesses/resources/Ordena&ccedil;&atilde;o_2F7E3389_ActivityDetail.jpeg'
Warning: Activity:Ordenação: missing resource file './../../hang_the_dj/deliveryprocesses/resources/Ordena&ccedil;&atilde;o_2F7E3389_ActivityDetail.jpeg'
Warning: Task:ordenao: missing resource file './../../hang_the_dj/deliveryprocesses/Ordena&ccedil;&atilde;o_2F7E3389.html'
Warning: Artifact:ordenado: missing resource file './../../hang_the_dj/deliveryprocesses/Ordena&ccedil;&atilde;o_2F7E3389.html'
Warning: Artifact:demo_01: missing resource file './../../hang_the_dj/deliveryprocesses/Orquestra&ccedil;&atilde;o_D36AF1.html'
Warning: Activity:Orquestração: missing resource file './../../hang_the_dj/deliveryprocesses/resources/Orquestra&ccedil;&atilde;o_D36AF1_ActivityDetail.jpeg'
Warning: Activity:Orquestração: missing resource file './../../hang_the_dj/deliveryprocesses/resources/Orquestra&ccedil;&atilde;o_D36AF1_ActivityDetail.jpeg'
Warning: Task:orquestrao: missing resource file './../../hang_the_dj/deliveryprocesses/Orquestra&ccedil;&atilde;o_D36AF1.html'
Warning: Artifact:demo_02: missing resource file './../../hang_the_dj/deliveryprocesses/Valida&ccedil;&atilde;o Prim&aacute;ria_CB340B4D.html'
Warning: Artifact:demo_02: missing resource file './../../hang_the_dj/deliveryprocesses/Orquestra&ccedil;&atilde;o_D36AF1.html'
Warning: Iteration:Validação Primária: missing resource file './../../hang_the_dj/deliveryprocesses/resources/Valida&ccedil;&atilde;o Prim&aacute;ria_CB340B4D_ActivityDetail.jpeg'
Warning: Iteration:Validação Primária: missing resource file './../../hang_the_dj/deliveryprocesses/resources/Valida&ccedil;&atilde;o Prim&aacute;ria_CB340B4D_ActivityDetail.jpeg'
Warning: Task:validao_primria: missing resource file './../../hang_the_dj/deliveryprocesses/Valida&ccedil;&atilde;o Prim&aacute;ria_CB340B4D.html'
Warning: Artifact:remixset: missing resource file './../../hang_the_dj/deliveryprocesses/Valida&ccedil;&atilde;o Prim&aacute;ria_CB340B4D.html'
Warning: Phase:Validar: missing resource file './../../hang_the_dj/deliveryprocesses/Valida&ccedil;&atilde;o Final_9E58DB8B.html'
Warning: Phase:Validar: missing resource file './../../hang_the_dj/deliveryprocesses/Valida&ccedil;&atilde;o Final_9E58DB8B.html'
Warning: Artifact:amostras: missing resource file './../../hang_the_dj/deliveryprocesses/Valida&ccedil;&atilde;o Final_9E58DB8B.html'
Warning: Iteration:Validação Final: missing resource file './../../hang_the_dj/deliveryprocesses/resources/Valida&ccedil;&atilde;o Final_9E58DB8B_ActivityDetail.jpeg'
Warning: Iteration:Validação Final: missing resource file './../../hang_the_dj/deliveryprocesses/resources/Valida&ccedil;&atilde;o Final_9E58DB8B_ActivityDetail.jpeg'
Warning: Task:validao_final: missing resource file './../../hang_the_dj/deliveryprocesses/Valida&ccedil;&atilde;o Final_9E58DB8B.html'
Warning: Role:pocs: missing resource file './../../hang_the_dj/deliveryprocesses/Valida&ccedil;&atilde;o Final_9E58DB8B.html'
